<?xml version="1.0" encoding="UTF-8"?>
<!-- Generated by org.testng.reporters.JUnitReportReporter -->
<testsuite skipped="0" hostname="DESKTOP-EQ7HS8J" name="com.apple.api_automation.test.StoreDown_ApiTesting" tests="45" failures="0" timestamp="08 Nov 2018 01:46:39 GMT" time="0.821" errors="0">
  <testcase name="country_status_y" time="0.001" classname="com.apple.api_automation.test.StoreDown_ApiTesting"/>
  <testcase name="country_status_y" time="0.001" classname="com.apple.api_automation.test.StoreDown_ApiTesting"/>
  <testcase name="country_status_y" time="0.002" classname="com.apple.api_automation.test.StoreDown_ApiTesting"/>
  <testcase name="country_status_y" time="0.001" classname="com.apple.api_automation.test.StoreDown_ApiTesting"/>
  <testcase name="country_status_y" time="0.001" classname="com.apple.api_automation.test.StoreDown_ApiTesting"/>
  <testcase name="country_status_y" time="0.003" classname="com.apple.api_automation.test.StoreDown_ApiTesting"/>
  <testcase name="country_status_y" time="0.001" classname="com.apple.api_automation.test.StoreDown_ApiTesting"/>
  <testcase name="country_status_y" time="0.001" classname="com.apple.api_automation.test.StoreDown_ApiTesting"/>
  <testcase name="country_status_y" time="0.001" classname="com.apple.api_automation.test.StoreDown_ApiTesting"/>
  <testcase name="country_status_y" time="0.000" classname="com.apple.api_automation.test.StoreDown_ApiTesting"/>
  <testcase name="country_status_y" time="0.002" classname="com.apple.api_automation.test.StoreDown_ApiTesting"/>
  <testcase name="country_status_y" time="0.001" classname="com.apple.api_automation.test.StoreDown_ApiTesting"/>
  <testcase name="country_status_y" time="0.002" classname="com.apple.api_automation.test.StoreDown_ApiTesting"/>
  <testcase name="country_status_y" time="0.001" classname="com.apple.api_automation.test.StoreDown_ApiTesting"/>
  <testcase name="country_status_y" time="0.001" classname="com.apple.api_automation.test.StoreDown_ApiTesting"/>
  <testcase name="country_status_y" time="0.002" classname="com.apple.api_automation.test.StoreDown_ApiTesting"/>
  <testcase name="country_status_y" time="0.001" classname="com.apple.api_automation.test.StoreDown_ApiTesting"/>
  <testcase name="country_status_y" time="0.001" classname="com.apple.api_automation.test.StoreDown_ApiTesting"/>
  <testcase name="getStatusTest" time="0.743" classname="com.apple.api_automation.test.StoreDown_ApiTesting"/>
  <testcase name="country_status_y" time="0.002" classname="com.apple.api_automation.test.StoreDown_ApiTesting"/>
  <testcase name="country_status_y" time="0.001" classname="com.apple.api_automation.test.StoreDown_ApiTesting"/>
  <testcase name="country_status_y" time="0.001" classname="com.apple.api_automation.test.StoreDown_ApiTesting"/>
  <testcase name="country_status_y" time="0.002" classname="com.apple.api_automation.test.StoreDown_ApiTesting"/>
  <testcase name="country_status_y" time="0.001" classname="com.apple.api_automation.test.StoreDown_ApiTesting"/>
  <testcase name="country_status_y" time="0.001" classname="com.apple.api_automation.test.StoreDown_ApiTesting"/>
  <testcase name="country_status_y" time="0.001" classname="com.apple.api_automation.test.StoreDown_ApiTesting"/>
  <testcase name="country_status_y" time="0.003" classname="com.apple.api_automation.test.StoreDown_ApiTesting"/>
  <testcase name="country_status_y" time="0.002" classname="com.apple.api_automation.test.StoreDown_ApiTesting"/>
  <testcase name="country_status_y" time="0.001" classname="com.apple.api_automation.test.StoreDown_ApiTesting"/>
  <testcase name="country_status_y" time="0.001" classname="com.apple.api_automation.test.StoreDown_ApiTesting"/>
  <testcase name="country_status_y" time="0.001" classname="com.apple.api_automation.test.StoreDown_ApiTesting"/>
  <testcase name="country_status_y" time="0.001" classname="com.apple.api_automation.test.StoreDown_ApiTesting"/>
  <testcase name="country_status_y" time="0.002" classname="com.apple.api_automation.test.StoreDown_ApiTesting"/>
  <testcase name="country_status_y" time="0.001" classname="com.apple.api_automation.test.StoreDown_ApiTesting"/>
  <testcase name="country_status_y" time="0.001" classname="com.apple.api_automation.test.StoreDown_ApiTesting"/>
  <testcase name="country_status_y" time="0.018" classname="com.apple.api_automation.test.StoreDown_ApiTesting"/>
  <testcase name="country_status_y" time="0.003" classname="com.apple.api_automation.test.StoreDown_ApiTesting"/>
  <testcase name="country_status_y" time="0.002" classname="com.apple.api_automation.test.StoreDown_ApiTesting"/>
  <testcase name="country_status_y" time="0.001" classname="com.apple.api_automation.test.StoreDown_ApiTesting"/>
  <testcase name="country_status_y" time="0.002" classname="com.apple.api_automation.test.StoreDown_ApiTesting"/>
  <testcase name="country_status_y" time="0.001" classname="com.apple.api_automation.test.StoreDown_ApiTesting"/>
  <testcase name="country_status_y" time="0.002" classname="com.apple.api_automation.test.StoreDown_ApiTesting"/>
  <testcase name="country_status_y" time="0.002" classname="com.apple.api_automation.test.StoreDown_ApiTesting"/>
  <testcase name="country_status_y" time="0.001" classname="com.apple.api_automation.test.StoreDown_ApiTesting"/>
  <testcase name="country_status_y" time="0.001" classname="com.apple.api_automation.test.StoreDown_ApiTesting"/>
</testsuite> <!-- com.apple.api_automation.test.StoreDown_ApiTesting -->
